\BOOKMARK [1][-]{section.1}{\376\377\000I\000n\000t\000r\000o\000d\000u\000c\000t\000i\000o\000n}{}% 1
\BOOKMARK [2][-]{subsection.1.1}{\376\377\000C\000o\000n\000t\000e\000x\000t\000e\000\040\000e\000t\000\040\000m\000o\000t\000i\000v\000a\000t\000i\000o\000n}{section.1}% 2
\BOOKMARK [2][-]{subsection.1.2}{\376\377\000L\000e\000\040\000Q\000u\000a\000n\000t\000u\000m\000\040\000M\000u\000l\000t\000i\000p\000l\000e\000\040\000K\000e\000r\000n\000e\000l\000\040\000L\000e\000a\000r\000n\000i\000n\000g\000\040\000\050\000Q\000M\000K\000L\000\051}{section.1}% 3
\BOOKMARK [2][-]{subsection.1.3}{\376\377\000O\000r\000g\000a\000n\000i\000s\000a\000t\000i\000o\000n\000\040\000d\000u\000\040\000r\000a\000p\000p\000o\000r\000t}{section.1}% 4
\BOOKMARK [1][-]{section.2}{\376\377\000\311\000t\000a\000t\000\040\000d\000e\000\040\000l\000'\000a\000r\000t}{}% 5
\BOOKMARK [2][-]{subsection.2.1}{\376\377\000K\000e\000r\000n\000e\000l\000s\000\040\000q\000u\000a\000n\000t\000i\000q\000u\000e\000s}{section.2}% 6
\BOOKMARK [3][-]{subsubsection.2.1.1}{\376\377\000F\000i\000d\000e\000l\000i\000t\000y\000\040\000Q\000u\000a\000n\000t\000u\000m\000\040\000K\000e\000r\000n\000e\000l}{subsection.2.1}% 7
\BOOKMARK [3][-]{subsubsection.2.1.2}{\376\377\000P\000r\000o\000j\000e\000c\000t\000e\000d\000\040\000Q\000u\000a\000n\000t\000u\000m\000\040\000K\000e\000r\000n\000e\000l}{subsection.2.1}% 8
\BOOKMARK [3][-]{subsubsection.2.1.3}{\376\377\000F\000e\000a\000t\000u\000r\000e\000\040\000m\000a\000p\000s}{subsection.2.1}% 9
\BOOKMARK [2][-]{subsection.2.2}{\376\377\000M\000u\000l\000t\000i\000p\000l\000e\000\040\000K\000e\000r\000n\000e\000l\000\040\000L\000e\000a\000r\000n\000i\000n\000g}{section.2}% 10
\BOOKMARK [3][-]{subsubsection.2.2.1}{\376\377\000C\000e\000n\000t\000e\000r\000e\000d\000\040\000K\000e\000r\000n\000e\000l\000\040\000A\000l\000i\000g\000n\000m\000e\000n\000t\000\040\000\050\000C\000K\000A\000\051}{subsection.2.2}% 11
\BOOKMARK [3][-]{subsubsection.2.2.2}{\376\377\000S\000e\000m\000i\000-\000D\000e\000f\000i\000n\000i\000t\000e\000\040\000P\000r\000o\000g\000r\000a\000m\000m\000i\000n\000g\000\040\000\050\000S\000D\000P\000\051}{subsection.2.2}% 12
\BOOKMARK [3][-]{subsubsection.2.2.3}{\376\377\000P\000r\000o\000j\000e\000c\000t\000i\000o\000n\000\040\000A\000l\000i\000g\000n\000m\000e\000n\000t}{subsection.2.2}% 13
\BOOKMARK [3][-]{subsubsection.2.2.4}{\376\377\000B\000a\000y\000e\000s\000i\000a\000n\000\040\000O\000p\000t\000i\000m\000i\000z\000a\000t\000i\000o\000n\000\040\000\050\000B\000O\000\051}{subsection.2.2}% 14
\BOOKMARK [3][-]{subsubsection.2.2.5}{\376\377\000A\000v\000e\000r\000a\000g\000e\000\040\000\050\000B\000a\000s\000e\000l\000i\000n\000e\000\051}{subsection.2.2}% 15
\BOOKMARK [2][-]{subsection.2.3}{\376\377\000T\000r\000a\000v\000a\000u\000x\000\040\000d\000e\000\040\000r\000\351\000f\000\351\000r\000e\000n\000c\000e}{section.2}% 16
\BOOKMARK [1][-]{section.3}{\376\377\000M\000\351\000t\000h\000o\000d\000o\000l\000o\000g\000i\000e}{}% 17
\BOOKMARK [2][-]{subsection.3.1}{\376\377\000D\000a\000t\000a\000s\000e\000t\000s}{section.3}% 18
\BOOKMARK [2][-]{subsection.3.2}{\376\377\000P\000i\000p\000e\000l\000i\000n\000e\000\040\000d\000e\000\040\000p\000r\000\351\000t\000r\000a\000i\000t\000e\000m\000e\000n\000t}{section.3}% 19
\BOOKMARK [2][-]{subsection.3.3}{\376\377\000C\000o\000n\000s\000t\000r\000u\000c\000t\000i\000o\000n\000\040\000d\000e\000s\000\040\000k\000e\000r\000n\000e\000l\000s}{section.3}% 20
\BOOKMARK [2][-]{subsection.3.4}{\376\377\000\311\000v\000a\000l\000u\000a\000t\000i\000o\000n}{section.3}% 21
\BOOKMARK [1][-]{section.4}{\376\377\000R\000\351\000s\000u\000l\000t\000a\000t\000s\000\040\000e\000x\000p\000\351\000r\000i\000m\000e\000n\000t\000a\000u\000x\000\040\040\024\000\040\000S\000i\000m\000u\000l\000a\000t\000e\000u\000r}{}% 22
\BOOKMARK [2][-]{subsection.4.1}{\376\377\000E\000x\000p\000l\000o\000r\000a\000t\000i\000o\000n\000\040\000d\000e\000s\000\040\000d\000o\000n\000n\000\351\000e\000s\000\040\000e\000t\000\040\000k\000e\000r\000n\000e\000l\000s}{section.4}% 23
\BOOKMARK [3][-]{subsubsection.4.1.1}{\376\377\000S\000t\000a\000t\000i\000s\000t\000i\000q\000u\000e\000s\000\040\000d\000e\000s\000\040\000d\000a\000t\000a\000s\000e\000t\000s}{subsection.4.1}% 24
\BOOKMARK [3][-]{subsubsection.4.1.2}{\376\377\000M\000a\000t\000r\000i\000c\000e\000s\000\040\000k\000e\000r\000n\000e\000l}{subsection.4.1}% 25
\BOOKMARK [2][-]{subsection.4.2}{\376\377\000C\000o\000m\000p\000a\000r\000a\000i\000s\000o\000n\000\040\000d\000e\000s\000\040\000m\000\351\000t\000h\000o\000d\000e\000s\000\040\000M\000K\000L}{section.4}% 26
\BOOKMARK [3][-]{subsubsection.4.2.1}{\376\377\000R\000\351\000s\000u\000l\000t\000a\000t\000s\000\040\000p\000a\000r\000\040\000d\000a\000t\000a\000s\000e\000t}{subsection.4.2}% 27
\BOOKMARK [3][-]{subsubsection.4.2.2}{\376\377\000A\000n\000a\000l\000y\000s\000e\000\040\000r\000a\000d\000a\000r\000\040\000m\000u\000l\000t\000i\000-\000c\000r\000i\000t\000\350\000r\000e\000s}{subsection.4.2}% 28
\BOOKMARK [3][-]{subsubsection.4.2.3}{\376\377\000C\000o\000n\000v\000e\000r\000g\000e\000n\000c\000e\000\040\000d\000e\000\040\000l\000'\000o\000p\000t\000i\000m\000i\000s\000a\000t\000i\000o\000n\000\040\000b\000a\000y\000\351\000s\000i\000e\000n\000n\000e}{subsection.4.2}% 29
\BOOKMARK [3][-]{subsubsection.4.2.4}{\376\377\000T\000a\000b\000l\000e\000a\000u\000\040\000d\000e\000\040\000s\000y\000n\000t\000h\000\350\000s\000e}{subsection.4.2}% 30
\BOOKMARK [2][-]{subsection.4.3}{\376\377\000A\000n\000a\000l\000y\000s\000e\000\040\000s\000t\000a\000t\000i\000s\000t\000i\000q\000u\000e}{section.4}% 31
\BOOKMARK [2][-]{subsection.4.4}{\376\377\000\311\000t\000u\000d\000e\000\040\000d\000'\000a\000b\000l\000a\000t\000i\000o\000n}{section.4}% 32
\BOOKMARK [3][-]{subsubsection.4.4.1}{\376\377\000N\000o\000m\000b\000r\000e\000\040\000d\000e\000\040\000q\000u\000b\000i\000t\000s}{subsection.4.4}% 33
\BOOKMARK [3][-]{subsubsection.4.4.2}{\376\377\000C\000o\000n\000c\000e\000n\000t\000r\000a\000t\000i\000o\000n\000\040\000e\000x\000p\000o\000n\000e\000n\000t\000i\000e\000l\000l\000e}{subsection.4.4}% 34
\BOOKMARK [3][-]{subsubsection.4.4.3}{\376\377\000F\000i\000d\000e\000l\000i\000t\000y\000\040\000v\000s\000\040\000P\000r\000o\000j\000e\000c\000t\000e\000d\000\040\000Q\000u\000a\000n\000t\000u\000m\000\040\000K\000e\000r\000n\000e\000l}{subsection.4.4}% 35
\BOOKMARK [2][-]{subsection.4.5}{\376\377\000Q\000u\000a\000n\000t\000u\000m\000\040\000v\000s\000\040\000C\000l\000a\000s\000s\000i\000q\000u\000e}{section.4}% 36
\BOOKMARK [3][-]{subsubsection.4.5.1}{\376\377\000C\000o\000m\000p\000a\000r\000a\000i\000s\000o\000n\000\040\000d\000i\000r\000e\000c\000t\000e}{subsection.4.5}% 37
\BOOKMARK [2][-]{subsection.4.6}{\376\377\000A\000v\000a\000n\000t\000a\000g\000e\000\040\000q\000u\000a\000n\000t\000i\000q\000u\000e\000\040\000s\000u\000r\000\040\000d\000a\000t\000a\000s\000e\000t\000\040\000c\000o\000n\000s\000t\000r\000u\000i\000t}{section.4}% 38
\BOOKMARK [3][-]{subsubsection.4.6.1}{\376\377\000L\000e\000\040\000d\000a\000t\000a\000s\000e\000t\000\040\000q\000u\000a\000n\000t\000u\000m\000-\000n\000a\000t\000i\000v\000e\000\040\000d\000e\000\040\000H\000u\000a\000n\000g\000\040\000e\000t\000\040\000a\000l\000.}{subsection.4.6}% 39
\BOOKMARK [3][-]{subsubsection.4.6.2}{\376\377\000R\000\351\000s\000u\000l\000t\000a\000t\000s}{subsection.4.6}% 40
\BOOKMARK [3][-]{subsubsection.4.6.3}{\376\377\000S\000c\000a\000l\000i\000n\000g\000\040\000d\000e\000\040\000l\000'\000a\000v\000a\000n\000t\000a\000g\000e\000\040\000q\000u\000a\000n\000t\000i\000q\000u\000e}{subsection.4.6}% 41
\BOOKMARK [3][-]{subsubsection.4.6.4}{\376\377\000C\000o\000u\000r\000b\000e\000s\000\040\000d\000'\000a\000p\000p\000r\000e\000n\000t\000i\000s\000s\000a\000g\000e}{subsection.4.6}% 42
\BOOKMARK [1][-]{section.5}{\376\377\000V\000a\000l\000i\000d\000a\000t\000i\000o\000n\000\040\000s\000u\000r\000\040\000h\000a\000r\000d\000w\000a\000r\000e\000\040\000I\000B\000M\000\040\000Q\000u\000a\000n\000t\000u\000m}{}% 43
\BOOKMARK [2][-]{subsection.5.1}{\376\377\000P\000r\000o\000t\000o\000c\000o\000l\000e\000\040\000e\000x\000p\000\351\000r\000i\000m\000e\000n\000t\000a\000l}{section.5}% 44
\BOOKMARK [3][-]{subsubsection.5.1.1}{\376\377\000C\000o\000n\000t\000r\000a\000i\000n\000t\000e\000s\000\040\000e\000t\000\040\000o\000p\000t\000i\000m\000i\000s\000a\000t\000i\000o\000n\000s}{subsection.5.1}% 45
\BOOKMARK [3][-]{subsubsection.5.1.2}{\376\377\000C\000o\000n\000t\000r\000a\000i\000n\000t\000e\000\040\000d\000u\000\040\000p\000l\000a\000n\000\040\000O\000p\000e\000n}{subsection.5.1}% 46
\BOOKMARK [2][-]{subsection.5.2}{\376\377\000A\000n\000a\000l\000y\000s\000e\000\040\000d\000e\000\040\000f\000i\000d\000\351\000l\000i\000t\000\351\000\040\000h\000a\000r\000d\000w\000a\000r\000e}{section.5}% 47
\BOOKMARK [3][-]{subsubsection.5.2.1}{\376\377\000M\000a\000t\000r\000i\000c\000e\000s\000\040\000k\000e\000r\000n\000e\000l\000\040\000:\000\040\000s\000i\000m\000u\000l\000a\000t\000e\000u\000r\000\040\000v\000s\000\040\000h\000a\000r\000d\000w\000a\000r\000e}{subsection.5.2}% 48
\BOOKMARK [3][-]{subsubsection.5.2.2}{\376\377\000F\000i\000d\000\351\000l\000i\000t\000\351\000\040\000\351\000l\000\351\000m\000e\000n\000t\000-\000p\000a\000r\000-\000\351\000l\000\351\000m\000e\000n\000t}{subsection.5.2}% 49
\BOOKMARK [3][-]{subsubsection.5.2.3}{\376\377\000S\000p\000e\000c\000t\000r\000e\000\040\000d\000e\000s\000\040\000v\000a\000l\000e\000u\000r\000s\000\040\000p\000r\000o\000p\000r\000e\000s}{subsection.5.2}% 50
\BOOKMARK [3][-]{subsubsection.5.2.4}{\376\377\000M\000\351\000t\000r\000i\000q\000u\000e\000s\000\040\000d\000e\000\040\000f\000i\000d\000\351\000l\000i\000t\000\351}{subsection.5.2}% 51
\BOOKMARK [2][-]{subsection.5.3}{\376\377\000I\000m\000p\000a\000c\000t\000\040\000s\000u\000r\000\040\000l\000a\000\040\000c\000l\000a\000s\000s\000i\000f\000i\000c\000a\000t\000i\000o\000n}{section.5}% 52
\BOOKMARK [3][-]{subsubsection.5.3.1}{\376\377\000P\000e\000r\000f\000o\000r\000m\000a\000n\000c\000e\000\040\000s\000i\000n\000g\000l\000e\000-\000k\000e\000r\000n\000e\000l}{subsection.5.3}% 53
\BOOKMARK [3][-]{subsubsection.5.3.2}{\376\377\000P\000e\000r\000f\000o\000r\000m\000a\000n\000c\000e\000\040\000M\000K\000L\000\040\000:\000\040\0005\000\040\000s\000t\000r\000a\000t\000\351\000g\000i\000e\000s}{subsection.5.3}% 54
\BOOKMARK [3][-]{subsubsection.5.3.3}{\376\377\000A\000n\000a\000l\000y\000s\000e\000\040\000d\000e\000s\000\040\000p\000o\000i\000d\000s\000\040\000M\000K\000L}{subsection.5.3}% 55
\BOOKMARK [2][-]{subsection.5.4}{\376\377\000A\000n\000a\000l\000y\000s\000e\000\040\000d\000u\000\040\000b\000r\000u\000i\000t\000\040\000h\000a\000r\000d\000w\000a\000r\000e}{section.5}% 56
\BOOKMARK [3][-]{subsubsection.5.4.1}{\376\377\000D\000\351\000c\000o\000m\000p\000o\000s\000i\000t\000i\000o\000n\000\040\000b\000i\000a\000i\000s\000\040\000v\000s\000\040\000v\000a\000r\000i\000a\000n\000c\000e}{subsection.5.4}% 57
\BOOKMARK [2][-]{subsection.5.5}{\376\377\000D\000a\000s\000h\000b\000o\000a\000r\000d\000\040\000r\000\351\000c\000a\000p\000i\000t\000u\000l\000a\000t\000i\000f}{section.5}% 58
\BOOKMARK [1][-]{section.6}{\376\377\000D\000i\000s\000c\000u\000s\000s\000i\000o\000n}{}% 59
\BOOKMARK [2][-]{subsection.6.1}{\376\377\000S\000y\000n\000t\000h\000\350\000s\000e\000\040\000d\000e\000s\000\040\000r\000\351\000s\000u\000l\000t\000a\000t\000s}{section.6}% 60
\BOOKMARK [2][-]{subsection.6.2}{\376\377\000L\000i\000m\000i\000t\000e\000s\000\040\000d\000e\000\040\000l\000'\000\351\000t\000u\000d\000e}{section.6}% 61
\BOOKMARK [2][-]{subsection.6.3}{\376\377\000P\000e\000r\000s\000p\000e\000c\000t\000i\000v\000e\000s}{section.6}% 62
\BOOKMARK [1][-]{section.7}{\376\377\000C\000o\000n\000c\000l\000u\000s\000i\000o\000n}{}% 63
