\BOOKMARK [1][-]{section.1}{\376\377\000I\000n\000t\000r\000o\000d\000u\000c\000t\000i\000o\000n\000\040\000e\000t\000\040\000C\000o\000n\000t\000e\000x\000t\000e}{}% 1
\BOOKMARK [2][-]{subsection.1.1}{\376\377\000M\000o\000t\000i\000v\000a\000t\000i\000o\000n}{section.1}% 2
\BOOKMARK [2][-]{subsection.1.2}{\376\377\000O\000b\000j\000e\000c\000t\000i\000f\000s\000\040\000d\000e\000s\000\040\000d\000e\000u\000x\000\040\000p\000r\000o\000j\000e\000t\000s}{section.1}% 3
\BOOKMARK [2][-]{subsection.1.3}{\376\377\000Q\000u\000e\000s\000t\000i\000o\000n\000\040\000d\000e\000\040\000r\000e\000c\000h\000e\000r\000c\000h\000e\000\040\000c\000e\000n\000t\000r\000a\000l\000e}{section.1}% 4
\BOOKMARK [1][-]{section.2}{\376\377\000F\000o\000n\000d\000e\000m\000e\000n\000t\000s\000\040\000T\000h\000\351\000o\000r\000i\000q\000u\000e\000s}{}% 5
\BOOKMARK [2][-]{subsection.2.1}{\376\377\000N\000o\000y\000a\000u\000x\000\040\000Q\000u\000a\000n\000t\000i\000q\000u\000e\000s}{section.2}% 6
\BOOKMARK [3][-]{subsubsection.2.1.1}{\376\377\000F\000e\000a\000t\000u\000r\000e\000\040\000M\000a\000p\000\040\000e\000t\000\040\000E\000s\000p\000a\000c\000e\000\040\000d\000e\000\040\000H\000i\000l\000b\000e\000r\000t}{subsection.2.1}% 7
\BOOKMARK [3][-]{subsubsection.2.1.2}{\376\377\000N\000o\000y\000a\000u\000\040\000d\000e\000\040\000F\000i\000d\000\351\000l\000i\000t\000\351}{subsection.2.1}% 8
\BOOKMARK [3][-]{subsubsection.2.1.3}{\376\377\000N\000o\000y\000a\000u\000\040\000P\000r\000o\000j\000e\000t\000\351}{subsection.2.1}% 9
\BOOKMARK [2][-]{subsection.2.2}{\376\377\000F\000a\000m\000i\000l\000l\000e\000s\000\040\000d\000e\000\040\000F\000e\000a\000t\000u\000r\000e\000\040\000M\000a\000p\000s\000\040\000U\000t\000i\000l\000i\000s\000\351\000e\000s}{section.2}% 10
\BOOKMARK [3][-]{subsubsection.2.2.1}{\376\377\000Z\000F\000e\000a\000t\000u\000r\000e\000M\000a\000p\000\040\000\050\000l\000o\000c\000a\000l\000,\000\040\000s\000a\000n\000s\000\040\000i\000n\000t\000r\000i\000c\000a\000t\000i\000o\000n\000\051}{subsection.2.2}% 11
\BOOKMARK [3][-]{subsubsection.2.2.2}{\376\377\000Z\000Z\000F\000e\000a\000t\000u\000r\000e\000M\000a\000p\000\040\000\050\000a\000v\000e\000c\000\040\000i\000n\000t\000r\000i\000c\000a\000t\000i\000o\000n\000\051}{subsection.2.2}% 12
\BOOKMARK [2][-]{subsection.2.3}{\376\377\000M\000u\000l\000t\000i\000p\000l\000e\000\040\000K\000e\000r\000n\000e\000l\000\040\000L\000e\000a\000r\000n\000i\000n\000g\000\040\000\050\000M\000K\000L\000\051}{section.2}% 13
\BOOKMARK [3][-]{subsubsection.2.3.1}{\376\377\000C\000o\000m\000b\000i\000n\000a\000i\000s\000o\000n\000\040\000l\000i\000n\000\351\000a\000i\000r\000e}{subsection.2.3}% 14
\BOOKMARK [3][-]{subsubsection.2.3.2}{\376\377\000A\000l\000i\000g\000n\000e\000m\000e\000n\000t\000\040\000c\000e\000n\000t\000r\000\351}{subsection.2.3}% 15
\BOOKMARK [3][-]{subsubsection.2.3.3}{\376\377\000A\000l\000i\000g\000n\000e\000m\000e\000n\000t\000\040\000S\000D\000P}{subsection.2.3}% 16
\BOOKMARK [2][-]{subsection.2.4}{\376\377\000B\000a\000r\000r\000e\000n\000\040\000P\000l\000a\000t\000e\000a\000u\000s}{section.2}% 17
\BOOKMARK [3][-]{subsubsection.2.4.1}{\376\377\000P\000h\000\351\000n\000o\000m\000\350\000n\000e}{subsection.2.4}% 18
\BOOKMARK [3][-]{subsubsection.2.4.2}{\376\377\000C\000o\000n\000s\000\351\000q\000u\000e\000n\000c\000e\000\040\000s\000u\000r\000\040\000l\000e\000s\000\040\000n\000o\000y\000a\000u\000x}{subsection.2.4}% 19
\BOOKMARK [3][-]{subsubsection.2.4.3}{\376\377\000M\000e\000s\000u\000r\000e\000\040\000e\000m\000p\000i\000r\000i\000q\000u\000e}{subsection.2.4}% 20
\BOOKMARK [2][-]{subsection.2.5}{\376\377\000F\000o\000r\000m\000u\000l\000a\000t\000i\000o\000n\000\040\000Q\000U\000B\000O\000\040\000p\000o\000u\000r\000\040\000l\000'\000A\000s\000s\000i\000g\000n\000a\000t\000i\000o\000n\000\040\000d\000e\000\040\000F\000e\000a\000t\000u\000r\000e\000s}{section.2}% 21
\BOOKMARK [3][-]{subsubsection.2.5.1}{\376\377\000P\000r\000o\000b\000l\000\350\000m\000e\000\040\000d\000'\000a\000s\000s\000i\000g\000n\000a\000t\000i\000o\000n}{subsection.2.5}% 22
\BOOKMARK [3][-]{subsubsection.2.5.2}{\376\377\000F\000o\000r\000m\000u\000l\000a\000t\000i\000o\000n\000\040\000C\000\040\000\050\000r\000e\000c\000o\000m\000m\000a\000n\000d\000\351\000e\000\051}{subsection.2.5}% 23
\BOOKMARK [3][-]{subsubsection.2.5.3}{\376\377\000S\000o\000l\000v\000e\000u\000r\000s\000\040\000Q\000U\000B\000O}{subsection.2.5}% 24
\BOOKMARK [3][-]{subsubsection.2.5.4}{\376\377\000Q\000A\000O\000A\000\040\040\024\000\040\000Q\000u\000a\000n\000t\000u\000m\000\040\000A\000p\000p\000r\000o\000x\000i\000m\000a\000t\000e\000\040\000O\000p\000t\000i\000m\000i\000z\000a\000t\000i\000o\000n\000\040\000A\000l\000g\000o\000r\000i\000t\000h\000m}{subsection.2.5}% 25
\BOOKMARK [1][-]{section.3}{\376\377\000P\000r\000o\000j\000e\000t\000\040\000V\0001\000\040\040\024\000\040\000Q\000M\000K\000L\000-\000F\000i\000n\000a\000n\000c\000e}{}% 26
\BOOKMARK [2][-]{subsection.3.1}{\376\377\000A\000r\000c\000h\000i\000t\000e\000c\000t\000u\000r\000e}{section.3}% 27
\BOOKMARK [2][-]{subsection.3.2}{\376\377\000J\000e\000u\000x\000\040\000d\000e\000\040\000D\000o\000n\000n\000\351\000e\000s}{section.3}% 28
\BOOKMARK [2][-]{subsection.3.3}{\376\377\000B\000i\000b\000l\000i\000o\000t\000h\000\350\000q\000u\000e\000\040\000d\000e\000\040\0001\0002\000\040\000N\000o\000y\000a\000u\000x\000\040\000Q\000u\000a\000n\000t\000i\000q\000u\000e\000s}{section.3}% 29
\BOOKMARK [2][-]{subsection.3.4}{\376\377\000S\000t\000r\000a\000t\000\351\000g\000i\000e\000s\000\040\000M\000K\000L}{section.3}% 30
\BOOKMARK [3][-]{subsubsection.3.4.1}{\376\377\000I\000m\000p\000l\000\351\000m\000e\000n\000t\000a\000t\000i\000o\000n\000\040\000d\000e\000\040\000l\000'\000A\000l\000i\000g\000n\000e\000m\000e\000n\000t\000\040\000C\000e\000n\000t\000r\000\351}{subsection.3.4}% 31
\BOOKMARK [3][-]{subsubsection.3.4.2}{\376\377\000O\000p\000t\000i\000m\000i\000s\000a\000t\000i\000o\000n\000\040\000B\000a\000y\000\351\000s\000i\000e\000n\000n\000e}{subsection.3.4}% 32
\BOOKMARK [2][-]{subsection.3.5}{\376\377\000S\000y\000s\000t\000\350\000m\000e\000\040\000d\000e\000\040\000C\000a\000c\000h\000e\000\040\000d\000e\000\040\000N\000o\000y\000a\000u\000x}{section.3}% 33
\BOOKMARK [2][-]{subsection.3.6}{\376\377\000R\000\351\000s\000u\000l\000t\000a\000t\000s\000\040\000E\000m\000p\000i\000r\000i\000q\000u\000e\000s}{section.3}% 34
\BOOKMARK [3][-]{subsubsection.3.6.1}{\376\377\000C\000o\000n\000f\000i\000g\000u\000r\000a\000t\000i\000o\000n\000\040\000e\000x\000p\000\351\000r\000i\000m\000e\000n\000t\000a\000l\000e}{subsection.3.6}% 35
\BOOKMARK [2][-]{subsection.3.7}{\376\377\000A\000n\000a\000l\000y\000s\000e\000s\000\040\000A\000v\000a\000n\000c\000\351\000e\000s}{section.3}% 36
\BOOKMARK [3][-]{subsubsection.3.7.1}{\376\377\000A\000b\000l\000a\000t\000i\000o\000n\000\040\000s\000u\000r\000\040\000Q\000\040\000\050\000n\000o\000m\000b\000r\000e\000\040\000d\000e\000\040\000q\000u\000b\000i\000t\000s\000\051}{subsection.3.7}% 37
\BOOKMARK [3][-]{subsubsection.3.7.2}{\376\377\000I\000n\000t\000e\000r\000p\000r\000\351\000t\000a\000b\000i\000l\000i\000t\000\351\000\040\000:\000\040\000V\000a\000l\000e\000u\000r\000s\000\040\000d\000e\000\040\000S\000h\000a\000p\000l\000e\000y}{subsection.3.7}% 38
\BOOKMARK [3][-]{subsubsection.3.7.3}{\376\377\000M\000K\000L\000\040\000R\000i\000e\000m\000a\000n\000n\000i\000e\000n}{subsection.3.7}% 39
\BOOKMARK [2][-]{subsection.3.8}{\376\377\000C\000e\000\040\000Q\000u\000i\000\040\000N\000'\000a\000\040\000P\000a\000s\000\040\000F\000o\000n\000c\000t\000i\000o\000n\000n\000\351\000\040\000e\000n\000\040\000V\0001}{section.3}% 40
\BOOKMARK [1][-]{section.4}{\376\377\000P\000r\000o\000j\000e\000t\000\040\000V\0002\000\040\040\024\000\040\000Q\000M\000K\000L\000-\000v\0002\000\040\000\050\000A\000s\000s\000i\000g\000n\000a\000t\000i\000o\000n\000\040\000Q\000U\000B\000O\000\051}{}% 41
\BOOKMARK [2][-]{subsection.4.1}{\376\377\000M\000o\000t\000i\000v\000a\000t\000i\000o\000n\000\040\000:\000\040\000D\000\351\000p\000a\000s\000s\000e\000r\000\040\000l\000e\000s\000\040\000B\000a\000r\000r\000e\000n\000\040\000P\000l\000a\000t\000e\000a\000u\000s\000\040\000v\000i\000a\000\040\000l\000'\000A\000s\000s\000i\000g\000n\000a\000t\000i\000o\000n}{section.4}% 42
\BOOKMARK [2][-]{subsection.4.2}{\376\377\000P\000i\000p\000e\000l\000i\000n\000e\000\040\000V\0002}{section.4}% 43
\BOOKMARK [2][-]{subsection.4.3}{\376\377\000D\000o\000n\000n\000\351\000e\000s\000\040\000F\000R\000E\000D\000\040\000\050\000M\000a\000c\000r\000o\000\351\000c\000o\000n\000o\000m\000i\000q\000u\000e\000s\000\051}{section.4}% 44
\BOOKMARK [2][-]{subsection.4.4}{\376\377\000N\000o\000y\000a\000u\000x\000\040\000A\000n\000a\000l\000y\000t\000i\000q\000u\000e\000s\000\040\000\050\000s\000a\000n\000s\000\040\000Q\000i\000s\000k\000i\000t\000\051}{section.4}% 45
\BOOKMARK [2][-]{subsection.4.5}{\376\377\000I\000m\000p\000l\000\351\000m\000e\000n\000t\000a\000t\000i\000o\000n\000\040\000Q\000U\000B\000O}{section.4}% 46
\BOOKMARK [3][-]{subsubsection.4.5.1}{\376\377\000C\000a\000l\000c\000u\000l\000\040\000d\000e\000s\000\040\000A\000l\000i\000g\000n\000e\000m\000e\000n\000t\000s\000\040\000M\000a\000r\000g\000i\000n\000a\000u\000x}{subsection.4.5}% 47
\BOOKMARK [3][-]{subsubsection.4.5.2}{\376\377\000C\000o\000n\000s\000t\000r\000u\000c\000t\000i\000o\000n\000\040\000d\000e\000\040\000l\000a\000\040\000M\000a\000t\000r\000i\000c\000e\000\040\000Q\000U\000B\000O}{subsection.4.5}% 48
\BOOKMARK [2][-]{subsection.4.6}{\376\377\000S\000o\000l\000v\000e\000u\000r\000s\000\040\000Q\000U\000B\000O\000\040\040\024\000\040\000I\000m\000p\000l\000\351\000m\000e\000n\000t\000a\000t\000i\000o\000n\000\040\000D\000\351\000t\000a\000i\000l\000l\000\351\000e}{section.4}% 49
\BOOKMARK [3][-]{subsubsection.4.6.1}{\376\377\000R\000e\000c\000u\000i\000t\000\040\000S\000i\000m\000u\000l\000\351}{subsection.4.6}% 50
\BOOKMARK [3][-]{subsubsection.4.6.2}{\376\377\000Q\000A\000O\000A\000\040\040\024\000\040\000I\000m\000p\000l\000\351\000m\000e\000n\000t\000a\000t\000i\000o\000n\000\040\000L\000o\000c\000a\000l\000e}{subsection.4.6}% 51
\BOOKMARK [2][-]{subsection.4.7}{\376\377\000E\000x\000p\000\351\000r\000i\000e\000n\000c\000e\000\040\000I\000B\000M\000\040\000Q\000u\000a\000n\000t\000u\000m\000\040\000H\000a\000r\000d\000w\000a\000r\000e}{section.4}% 52
\BOOKMARK [3][-]{subsubsection.4.7.1}{\376\377\000C\000o\000n\000f\000i\000g\000u\000r\000a\000t\000i\000o\000n}{subsection.4.7}% 53
\BOOKMARK [3][-]{subsubsection.4.7.2}{\376\377\000E\000r\000r\000e\000u\000r\000s\000\040\000R\000e\000n\000c\000o\000n\000t\000r\000\351\000e\000s\000\040\000e\000t\000\040\000S\000o\000l\000u\000t\000i\000o\000n\000s}{subsection.4.7}% 54
\BOOKMARK [3][-]{subsubsection.4.7.3}{\376\377\000D\000o\000n\000n\000\351\000e\000s\000\040\000R\000\351\000c\000u\000p\000\351\000r\000\351\000e\000s}{subsection.4.7}% 55
\BOOKMARK [3][-]{subsubsection.4.7.4}{\376\377\000A\000n\000a\000l\000y\000s\000e\000\040\000d\000e\000\040\000l\000a\000\040\000L\000i\000m\000i\000t\000e\000\040\000d\000e\000\040\000S\000i\000m\000u\000l\000a\000t\000i\000o\000n}{subsection.4.7}% 56
\BOOKMARK [2][-]{subsection.4.8}{\376\377\000N\000o\000t\000e\000b\000o\000o\000k\000s\000\040\040\024\000\040\000A\000r\000c\000h\000i\000t\000e\000c\000t\000u\000r\000e\000\040\000d\000e\000\040\000R\000e\000c\000h\000e\000r\000c\000h\000e}{section.4}% 57
\BOOKMARK [3][-]{subsubsection.4.8.1}{\376\377\000T\000r\000o\000i\000s\000\040\000N\000o\000t\000e\000b\000o\000o\000k\000s\000\040\000A\000c\000t\000i\000f\000s}{subsection.4.8}% 58
\BOOKMARK [2][-]{subsection.4.9}{\376\377\000R\000\351\000s\000u\000l\000t\000a\000t\000s\000\040\000V\0002}{section.4}% 59
\BOOKMARK [2][-]{subsection.4.10}{\376\377\000C\000e\000\040\000Q\000u\000i\000\040\000N\000'\000a\000\040\000P\000a\000s\000\040\000F\000o\000n\000c\000t\000i\000o\000n\000n\000\351\000\040\000e\000n\000\040\000V\0002}{section.4}% 60
\BOOKMARK [1][-]{section.5}{\376\377\000A\000n\000a\000l\000y\000s\000e\000\040\000C\000o\000m\000p\000a\000r\000a\000t\000i\000v\000e\000\040\000e\000t\000\040\000D\000i\000s\000c\000u\000s\000s\000i\000o\000n}{}% 61
\BOOKMARK [2][-]{subsection.5.1}{\376\377\000Q\000u\000a\000n\000d\000\040\000l\000'\000A\000v\000a\000n\000t\000a\000g\000e\000\040\000Q\000u\000a\000n\000t\000i\000q\000u\000e\000\040\000s\000e\000\040\000M\000a\000n\000i\000f\000e\000s\000t\000e\000-\000t\000-\000i\000l\000\040\000?}{section.5}% 62
\BOOKMARK [2][-]{subsection.5.2}{\376\377\000C\000o\000m\000p\000a\000r\000a\000i\000s\000o\000n\000\040\000V\0001\000\040\000v\000s\000\040\000V\0002}{section.5}% 63
\BOOKMARK [2][-]{subsection.5.3}{\376\377\000A\000r\000c\000h\000i\000t\000e\000c\000t\000u\000r\000e\000s\000\040\000C\000o\000m\000m\000u\000n\000e\000\040\000d\000e\000s\000\040\000D\000e\000u\000x\000\040\000P\000r\000o\000j\000e\000t\000s}{section.5}% 64
\BOOKMARK [2][-]{subsection.5.4}{\376\377\000V\000a\000l\000e\000u\000r\000\040\000d\000e\000s\000\040\000R\000\351\000s\000u\000l\000t\000a\000t\000s\000\040\000N\000\351\000g\000a\000t\000i\000f\000s}{section.5}% 65
\BOOKMARK [1][-]{section.6}{\376\377\000I\000n\000f\000r\000a\000s\000t\000r\000u\000c\000t\000u\000r\000e\000\040\000T\000e\000c\000h\000n\000i\000q\000u\000e}{}% 66
\BOOKMARK [2][-]{subsection.6.1}{\376\377\000D\000\351\000p\000e\000n\000d\000a\000n\000c\000e\000s}{section.6}% 67
\BOOKMARK [2][-]{subsection.6.2}{\376\377\000C\000o\000n\000v\000e\000n\000t\000i\000o\000n\000s\000\040\000M\000a\000t\000p\000l\000o\000t\000l\000i\000b}{section.6}% 68
\BOOKMARK [2][-]{subsection.6.3}{\376\377\000R\000e\000p\000r\000o\000d\000u\000c\000t\000i\000b\000i\000l\000i\000t\000\351}{section.6}% 69
\BOOKMARK [1][-]{section.7}{\376\377\000C\000o\000n\000c\000l\000u\000s\000i\000o\000n}{}% 70
\BOOKMARK [2][-]{subsection.7.1}{\376\377\000B\000i\000l\000a\000n}{section.7}% 71
\BOOKMARK [2][-]{subsection.7.2}{\376\377\000C\000o\000n\000t\000r\000i\000b\000u\000t\000i\000o\000n\000s}{section.7}% 72
\BOOKMARK [2][-]{subsection.7.3}{\376\377\000P\000e\000r\000s\000p\000e\000c\000t\000i\000v\000e\000s}{section.7}% 73
\BOOKMARK [1][-]{appendix.A}{\376\377\000S\000t\000r\000u\000c\000t\000u\000r\000e\000\040\000d\000e\000s\000\040\000F\000i\000c\000h\000i\000e\000r\000s}{}% 74
\BOOKMARK [2][-]{subsection.A.1}{\376\377\000V\0001\000\040\040\024\000\040\000P\000r\000o\000j\000e\000t\000-\000Q\000M\000K\000L\000-\000F\000i\000n\000a\000n\000c\000e}{appendix.A}% 75
\BOOKMARK [2][-]{subsection.A.2}{\376\377\000V\0002\000\040\040\024\000\040\000P\000r\000o\000j\000e\000t\000-\000Q\000M\000K\000L\000-\000v\0002}{appendix.A}% 76
\BOOKMARK [1][-]{appendix.B}{\376\377\000F\000o\000r\000m\000u\000l\000e\000s\000\040\000d\000e\000\040\000R\000\351\000f\000\351\000r\000e\000n\000c\000e\000\040\000R\000a\000p\000i\000d\000e}{}% 77
\BOOKMARK [1][-]{appendix.C}{\376\377\000J\000o\000u\000r\000n\000a\000l\000\040\000d\000e\000s\000\040\000O\000b\000s\000t\000a\000c\000l\000e\000s\000\040\000T\000e\000c\000h\000n\000i\000q\000u\000e\000s}{}% 78
